<?xml version="1.0" encoding="UTF-8"?>
<!-- Generated by org.testng.reporters.JUnitReportReporter -->
<testsuite hostname="IABLR-LT155" name="runner.RunCuke" tests="1" failures="0" timestamp="24 Apr 2021 13:49:16 GMT" time="29.340" errors="0">
  <testcase name="feature" time="29.340" classname="runner.RunCuke"/>
</testsuite> <!-- runner.RunCuke -->
